build/app/intermediates/manifest_merge_blame_file/debug/manifest-merger-blame-debug-report.txt
1<?xml version="1.0" encoding="utf-8"?>
2<manifest xmlns:android="http://schemas.android.com/apk/res/android"
3    package="com.example.remedium25"
4    android:versionCode="1"
5    android:versionName="1.0.0" >
6
7    <uses-sdk
8        android:minSdkVersion="21"
9        android:targetSdkVersion="34" />
10    <!--
11         The INTERNET permission is required for development. Specifically,
12         the Flutter tool needs it to communicate with the running application
13         to allow setting breakpoints, to provide hot reload, etc.
14    -->
15    <uses-permission android:name="android.permission.INTERNET" />
15-->src\debug\AndroidManifest.xml:6:5-66
15-->src\debug\AndroidManifest.xml:6:22-64
16    <!--
17     Required to query activities that can process text, see:
18         https://developer.android.com/training/package-visibility and
19         https://developer.android.com/reference/android/content/Intent#ACTION_PROCESS_TEXT.
20
21         In particular, this is used by the Flutter engine in io.flutter.plugin.text.ProcessTextPlugin.
22    -->
23    <queries>
23-->src\main\AndroidManifest.xml:39:5-44:15
24        <intent>
24-->src\main\AndroidManifest.xml:40:9-43:18
25            <action android:name="android.intent.action.PROCESS_TEXT" />
25-->src\main\AndroidManifest.xml:41:13-72
25-->src\main\AndroidManifest.xml:41:21-70
26
27            <data android:mimeType="text/plain" />
27-->src\main\AndroidManifest.xml:42:13-50
27-->src\main\AndroidManifest.xml:42:19-48
28        </intent>
29    </queries>
30
31    <uses-permission android:name="android.permission.RECEIVE_BOOT_COMPLETED" />
31-->[:alarm] AndroidManifest.xml:7:5-81
31-->[:alarm] AndroidManifest.xml:7:22-78
32    <uses-permission android:name="android.permission.WAKE_LOCK" />
32-->[:alarm] AndroidManifest.xml:8:5-68
32-->[:alarm] AndroidManifest.xml:8:22-65
33    <uses-permission android:name="android.permission.VIBRATE" />
33-->[:alarm] AndroidManifest.xml:9:5-66
33-->[:alarm] AndroidManifest.xml:9:22-63
34    <uses-permission android:name="android.permission.USE_FULL_SCREEN_INTENT" />
34-->[:alarm] AndroidManifest.xml:10:5-81
34-->[:alarm] AndroidManifest.xml:10:22-78
35    <uses-permission android:name="android.permission.FOREGROUND_SERVICE" />
35-->[:alarm] AndroidManifest.xml:11:5-77
35-->[:alarm] AndroidManifest.xml:11:22-74
36    <uses-permission android:name="android.permission.ACCESS_NOTIFICATION_POLICY" />
36-->[:alarm] AndroidManifest.xml:12:5-85
36-->[:alarm] AndroidManifest.xml:12:22-82
37    <uses-permission android:name="android.permission.POST_NOTIFICATIONS" />
37-->[:alarm] AndroidManifest.xml:13:5-77
37-->[:alarm] AndroidManifest.xml:13:22-74
38    <uses-permission android:name="android.permission.READ_EXTERNAL_STORAGE" />
38-->[:alarm] AndroidManifest.xml:14:5-80
38-->[:alarm] AndroidManifest.xml:14:22-77
39    <uses-permission android:name="android.permission.FOREGROUND_SERVICE_MEDIA_PLAYBACK" />
39-->[:alarm] AndroidManifest.xml:15:5-92
39-->[:alarm] AndroidManifest.xml:15:22-89
40    <uses-permission android:name="android.permission.USE_EXACT_ALARM" />
40-->[:alarm] AndroidManifest.xml:16:5-74
40-->[:alarm] AndroidManifest.xml:16:22-71
41    <uses-permission android:name="android.permission.SCHEDULE_EXACT_ALARM" />
41-->[:alarm] AndroidManifest.xml:17:5-79
41-->[:alarm] AndroidManifest.xml:17:22-76
42
43    <permission
43-->[androidx.core:core:1.13.1] AndroidManifest.xml:22:5-24:47
44        android:name="com.example.remedium25.DYNAMIC_RECEIVER_NOT_EXPORTED_PERMISSION"
44-->[androidx.core:core:1.13.1] AndroidManifest.xml:23:9-81
45        android:protectionLevel="signature" />
45-->[androidx.core:core:1.13.1] AndroidManifest.xml:24:9-44
46
47    <uses-permission android:name="com.example.remedium25.DYNAMIC_RECEIVER_NOT_EXPORTED_PERMISSION" />
47-->[androidx.core:core:1.13.1] AndroidManifest.xml:26:5-97
47-->[androidx.core:core:1.13.1] AndroidManifest.xml:26:22-94
48
49    <application
50        android:name="android.app.Application"
51        android:appComponentFactory="androidx.core.app.CoreComponentFactory"
51-->[androidx.core:core:1.13.1] AndroidManifest.xml:28:18-86
52        android:debuggable="true"
53        android:extractNativeLibs="true"
54        android:icon="@mipmap/ic_launcher"
55        android:label="remedium25" >
56        <activity
57            android:name="com.example.remedium25.MainActivity"
58            android:configChanges="orientation|keyboardHidden|keyboard|screenSize|smallestScreenSize|locale|layoutDirection|fontScale|screenLayout|density|uiMode"
59            android:exported="true"
60            android:hardwareAccelerated="true"
61            android:launchMode="singleTop"
62            android:taskAffinity=""
63            android:theme="@style/LaunchTheme"
64            android:windowSoftInputMode="adjustResize" >
65
66            <!--
67                 Specifies an Android theme to apply to this Activity as soon as
68                 the Android process has started. This theme is visible to the user
69                 while the Flutter UI initializes. After that, this theme continues
70                 to determine the Window background behind the Flutter UI.
71            -->
72            <meta-data
73                android:name="io.flutter.embedding.android.NormalTheme"
74                android:resource="@style/NormalTheme" />
75
76            <intent-filter>
77                <action android:name="android.intent.action.MAIN" />
78
79                <category android:name="android.intent.category.LAUNCHER" />
80            </intent-filter>
81        </activity>
82        <!--
83             Don't delete the meta-data below.
84             This is used by the Flutter tool to generate GeneratedPluginRegistrant.java
85        -->
86        <meta-data
87            android:name="flutterEmbedding"
88            android:value="2" />
89
90        <receiver
90-->[:alarm] AndroidManifest.xml:20:9-22:39
91            android:name="com.gdelataillade.alarm.alarm.AlarmReceiver"
91-->[:alarm] AndroidManifest.xml:21:13-71
92            android:exported="true" />
92-->[:alarm] AndroidManifest.xml:22:13-36
93        <receiver
93-->[:alarm] AndroidManifest.xml:23:9-30:20
94            android:name="com.gdelataillade.alarm.alarm.BootReceiver"
94-->[:alarm] AndroidManifest.xml:24:13-70
95            android:enabled="true"
95-->[:alarm] AndroidManifest.xml:25:13-35
96            android:exported="true" >
96-->[:alarm] AndroidManifest.xml:26:13-36
97            <intent-filter>
97-->[:alarm] AndroidManifest.xml:27:13-29:29
98                <action android:name="android.intent.action.BOOT_COMPLETED" />
98-->[:alarm] AndroidManifest.xml:28:17-79
98-->[:alarm] AndroidManifest.xml:28:25-76
99            </intent-filter>
100        </receiver>
101
102        <service
102-->[:alarm] AndroidManifest.xml:32:9-36:19
103            android:name="com.gdelataillade.alarm.alarm.AlarmService"
103-->[:alarm] AndroidManifest.xml:33:13-70
104            android:exported="false"
104-->[:alarm] AndroidManifest.xml:34:13-37
105            android:foregroundServiceType="mediaPlayback" >
105-->[:alarm] AndroidManifest.xml:35:13-58
106        </service>
107
108        <provider
108-->[:image_picker_android] AndroidManifest.xml:9:9-17:20
109            android:name="io.flutter.plugins.imagepicker.ImagePickerFileProvider"
109-->[:image_picker_android] AndroidManifest.xml:10:13-82
110            android:authorities="com.example.remedium25.flutter.image_provider"
110-->[:image_picker_android] AndroidManifest.xml:11:13-74
111            android:exported="false"
111-->[:image_picker_android] AndroidManifest.xml:12:13-37
112            android:grantUriPermissions="true" >
112-->[:image_picker_android] AndroidManifest.xml:13:13-47
113            <meta-data
113-->[:image_picker_android] AndroidManifest.xml:14:13-16:75
114                android:name="android.support.FILE_PROVIDER_PATHS"
114-->[:image_picker_android] AndroidManifest.xml:15:17-67
115                android:resource="@xml/flutter_image_picker_file_paths" />
115-->[:image_picker_android] AndroidManifest.xml:16:17-72
116        </provider> <!-- Trigger Google Play services to install the backported photo picker module. -->
117        <service
117-->[:image_picker_android] AndroidManifest.xml:19:9-31:19
118            android:name="com.google.android.gms.metadata.ModuleDependencies"
118-->[:image_picker_android] AndroidManifest.xml:20:13-78
119            android:enabled="false"
119-->[:image_picker_android] AndroidManifest.xml:21:13-36
120            android:exported="false" >
120-->[:image_picker_android] AndroidManifest.xml:22:13-37
121            <intent-filter>
121-->[:image_picker_android] AndroidManifest.xml:24:13-26:29
122                <action android:name="com.google.android.gms.metadata.MODULE_DEPENDENCIES" />
122-->[:image_picker_android] AndroidManifest.xml:25:17-94
122-->[:image_picker_android] AndroidManifest.xml:25:25-91
123            </intent-filter>
124
125            <meta-data
125-->[:image_picker_android] AndroidManifest.xml:28:13-30:36
126                android:name="photopicker_activity:0:required"
126-->[:image_picker_android] AndroidManifest.xml:29:17-63
127                android:value="" />
127-->[:image_picker_android] AndroidManifest.xml:30:17-33
128        </service>
129
130        <uses-library
130-->[androidx.window:window:1.2.0] AndroidManifest.xml:23:9-25:40
131            android:name="androidx.window.extensions"
131-->[androidx.window:window:1.2.0] AndroidManifest.xml:24:13-54
132            android:required="false" />
132-->[androidx.window:window:1.2.0] AndroidManifest.xml:25:13-37
133        <uses-library
133-->[androidx.window:window:1.2.0] AndroidManifest.xml:26:9-28:40
134            android:name="androidx.window.sidecar"
134-->[androidx.window:window:1.2.0] AndroidManifest.xml:27:13-51
135            android:required="false" />
135-->[androidx.window:window:1.2.0] AndroidManifest.xml:28:13-37
136
137        <provider
137-->[androidx.lifecycle:lifecycle-process:2.7.0] AndroidManifest.xml:24:9-32:20
138            android:name="androidx.startup.InitializationProvider"
138-->[androidx.lifecycle:lifecycle-process:2.7.0] AndroidManifest.xml:25:13-67
139            android:authorities="com.example.remedium25.androidx-startup"
139-->[androidx.lifecycle:lifecycle-process:2.7.0] AndroidManifest.xml:26:13-68
140            android:exported="false" >
140-->[androidx.lifecycle:lifecycle-process:2.7.0] AndroidManifest.xml:27:13-37
141            <meta-data
141-->[androidx.lifecycle:lifecycle-process:2.7.0] AndroidManifest.xml:29:13-31:52
142                android:name="androidx.lifecycle.ProcessLifecycleInitializer"
142-->[androidx.lifecycle:lifecycle-process:2.7.0] AndroidManifest.xml:30:17-78
143                android:value="androidx.startup" />
143-->[androidx.lifecycle:lifecycle-process:2.7.0] AndroidManifest.xml:31:17-49
144            <meta-data
144-->[androidx.profileinstaller:profileinstaller:1.3.1] AndroidManifest.xml:29:13-31:52
145                android:name="androidx.profileinstaller.ProfileInstallerInitializer"
145-->[androidx.profileinstaller:profileinstaller:1.3.1] AndroidManifest.xml:30:17-85
146                android:value="androidx.startup" />
146-->[androidx.profileinstaller:profileinstaller:1.3.1] AndroidManifest.xml:31:17-49
147        </provider>
148
149        <receiver
149-->[androidx.profileinstaller:profileinstaller:1.3.1] AndroidManifest.xml:34:9-52:20
150            android:name="androidx.profileinstaller.ProfileInstallReceiver"
150-->[androidx.profileinstaller:profileinstaller:1.3.1] AndroidManifest.xml:35:13-76
151            android:directBootAware="false"
151-->[androidx.profileinstaller:profileinstaller:1.3.1] AndroidManifest.xml:36:13-44
152            android:enabled="true"
152-->[androidx.profileinstaller:profileinstaller:1.3.1] AndroidManifest.xml:37:13-35
153            android:exported="true"
153-->[androidx.profileinstaller:profileinstaller:1.3.1] AndroidManifest.xml:38:13-36
154            android:permission="android.permission.DUMP" >
154-->[androidx.profileinstaller:profileinstaller:1.3.1] AndroidManifest.xml:39:13-57
155            <intent-filter>
155-->[androidx.profileinstaller:profileinstaller:1.3.1] AndroidManifest.xml:40:13-42:29
156                <action android:name="androidx.profileinstaller.action.INSTALL_PROFILE" />
156-->[androidx.profileinstaller:profileinstaller:1.3.1] AndroidManifest.xml:41:17-91
156-->[androidx.profileinstaller:profileinstaller:1.3.1] AndroidManifest.xml:41:25-88
157            </intent-filter>
158            <intent-filter>
158-->[androidx.profileinstaller:profileinstaller:1.3.1] AndroidManifest.xml:43:13-45:29
159                <action android:name="androidx.profileinstaller.action.SKIP_FILE" />
159-->[androidx.profileinstaller:profileinstaller:1.3.1] AndroidManifest.xml:44:17-85
159-->[androidx.profileinstaller:profileinstaller:1.3.1] AndroidManifest.xml:44:25-82
160            </intent-filter>
161            <intent-filter>
161-->[androidx.profileinstaller:profileinstaller:1.3.1] AndroidManifest.xml:46:13-48:29
162                <action android:name="androidx.profileinstaller.action.SAVE_PROFILE" />
162-->[androidx.profileinstaller:profileinstaller:1.3.1] AndroidManifest.xml:47:17-88
162-->[androidx.profileinstaller:profileinstaller:1.3.1] AndroidManifest.xml:47:25-85
163            </intent-filter>
164            <intent-filter>
164-->[androidx.profileinstaller:profileinstaller:1.3.1] AndroidManifest.xml:49:13-51:29
165                <action android:name="androidx.profileinstaller.action.BENCHMARK_OPERATION" />
165-->[androidx.profileinstaller:profileinstaller:1.3.1] AndroidManifest.xml:50:17-95
165-->[androidx.profileinstaller:profileinstaller:1.3.1] AndroidManifest.xml:50:25-92
166            </intent-filter>
167        </receiver>
168    </application>
169
170</manifest>